<?xml version="1.0" encoding="UTF-8"?>
<testsuite xmlns:xsi="http://www.w3.org/2001/XMLSchema-instance" xsi:noNamespaceSchemaLocation="https://maven.apache.org/surefire/maven-surefire-plugin/xsd/surefire-test-report.xsd" version="3.0.2" name="com.helpdesk.demo_backend_helpdesk.DemoBackendHelpdeskApplicationTests" time="1.038" tests="1" errors="0" skipped="0" failures="0">
  <properties>
    <property name="java.specification.version" value="23"/>
    <property name="sun.jnu.encoding" value="UTF-8"/>
    <property name="java.class.path" value="/Users/isrdsilva/Downloads/demo-backend-helpdesk/target/test-classes:/Users/isrdsilva/Downloads/demo-backend-helpdesk/target/classes:/Users/isrdsilva/.m2/repository/org/springframework/boot/spring-boot-starter-amqp/3.4.1/spring-boot-starter-amqp-3.4.1.jar:/Users/isrdsilva/.m2/repository/org/springframework/boot/spring-boot-starter/3.4.1/spring-boot-starter-3.4.1.jar:/Users/isrdsilva/.m2/repository/org/springframework/boot/spring-boot/3.4.1/spring-boot-3.4.1.jar:/Users/isrdsilva/.m2/repository/org/springframework/boot/spring-boot-autoconfigure/3.4.1/spring-boot-autoconfigure-3.4.1.jar:/Users/isrdsilva/.m2/repository/org/springframework/boot/spring-boot-starter-logging/3.4.1/spring-boot-starter-logging-3.4.1.jar:/Users/isrdsilva/.m2/repository/ch/qos/logback/logback-classic/1.5.12/logback-classic-1.5.12.jar:/Users/isrdsilva/.m2/repository/ch/qos/logback/logback-core/1.5.12/logback-core-1.5.12.jar:/Users/isrdsilva/.m2/repository/org/apache/logging/log4j/log4j-to-slf4j/2.24.3/log4j-to-slf4j-2.24.3.jar:/Users/isrdsilva/.m2/repository/org/apache/logging/log4j/log4j-api/2.24.3/log4j-api-2.24.3.jar:/Users/isrdsilva/.m2/repository/org/slf4j/jul-to-slf4j/2.0.16/jul-to-slf4j-2.0.16.jar:/Users/isrdsilva/.m2/repository/jakarta/annotation/jakarta.annotation-api/2.1.1/jakarta.annotation-api-2.1.1.jar:/Users/isrdsilva/.m2/repository/org/yaml/snakeyaml/2.3/snakeyaml-2.3.jar:/Users/isrdsilva/.m2/repository/org/springframework/spring-messaging/6.2.1/spring-messaging-6.2.1.jar:/Users/isrdsilva/.m2/repository/org/springframework/spring-beans/6.2.1/spring-beans-6.2.1.jar:/Users/isrdsilva/.m2/repository/org/springframework/amqp/spring-rabbit/3.2.1/spring-rabbit-3.2.1.jar:/Users/isrdsilva/.m2/repository/org/springframework/amqp/spring-amqp/3.2.1/spring-amqp-3.2.1.jar:/Users/isrdsilva/.m2/repository/org/springframework/retry/spring-retry/2.0.11/spring-retry-2.0.11.jar:/Users/isrdsilva/.m2/repository/com/rabbitmq/amqp-client/5.22.0/amqp-client-5.22.0.jar:/Users/isrdsilva/.m2/repository/org/springframework/spring-context/6.2.1/spring-context-6.2.1.jar:/Users/isrdsilva/.m2/repository/org/springframework/spring-aop/6.2.1/spring-aop-6.2.1.jar:/Users/isrdsilva/.m2/repository/org/springframework/spring-expression/6.2.1/spring-expression-6.2.1.jar:/Users/isrdsilva/.m2/repository/org/springframework/spring-tx/6.2.1/spring-tx-6.2.1.jar:/Users/isrdsilva/.m2/repository/io/micrometer/micrometer-observation/1.14.2/micrometer-observation-1.14.2.jar:/Users/isrdsilva/.m2/repository/io/micrometer/micrometer-commons/1.14.2/micrometer-commons-1.14.2.jar:/Users/isrdsilva/.m2/repository/org/springframework/boot/spring-boot-starter-test/3.4.1/spring-boot-starter-test-3.4.1.jar:/Users/isrdsilva/.m2/repository/org/springframework/boot/spring-boot-test/3.4.1/spring-boot-test-3.4.1.jar:/Users/isrdsilva/.m2/repository/org/springframework/boot/spring-boot-test-autoconfigure/3.4.1/spring-boot-test-autoconfigure-3.4.1.jar:/Users/isrdsilva/.m2/repository/com/jayway/jsonpath/json-path/2.9.0/json-path-2.9.0.jar:/Users/isrdsilva/.m2/repository/org/slf4j/slf4j-api/2.0.16/slf4j-api-2.0.16.jar:/Users/isrdsilva/.m2/repository/jakarta/xml/bind/jakarta.xml.bind-api/4.0.2/jakarta.xml.bind-api-4.0.2.jar:/Users/isrdsilva/.m2/repository/jakarta/activation/jakarta.activation-api/2.1.3/jakarta.activation-api-2.1.3.jar:/Users/isrdsilva/.m2/repository/net/minidev/json-smart/2.5.1/json-smart-2.5.1.jar:/Users/isrdsilva/.m2/repository/net/minidev/accessors-smart/2.5.1/accessors-smart-2.5.1.jar:/Users/isrdsilva/.m2/repository/org/ow2/asm/asm/9.6/asm-9.6.jar:/Users/isrdsilva/.m2/repository/org/assertj/assertj-core/3.26.3/assertj-core-3.26.3.jar:/Users/isrdsilva/.m2/repository/net/bytebuddy/byte-buddy/1.15.11/byte-buddy-1.15.11.jar:/Users/isrdsilva/.m2/repository/org/awaitility/awaitility/4.2.2/awaitility-4.2.2.jar:/Users/isrdsilva/.m2/repository/org/hamcrest/hamcrest/2.2/hamcrest-2.2.jar:/Users/isrdsilva/.m2/repository/org/junit/jupiter/junit-jupiter/5.11.4/junit-jupiter-5.11.4.jar:/Users/isrdsilva/.m2/repository/org/junit/jupiter/junit-jupiter-api/5.11.4/junit-jupiter-api-5.11.4.jar:/Users/isrdsilva/.m2/repository/org/opentest4j/opentest4j/1.3.0/opentest4j-1.3.0.jar:/Users/isrdsilva/.m2/repository/org/junit/platform/junit-platform-commons/1.11.4/junit-platform-commons-1.11.4.jar:/Users/isrdsilva/.m2/repository/org/apiguardian/apiguardian-api/1.1.2/apiguardian-api-1.1.2.jar:/Users/isrdsilva/.m2/repository/org/junit/jupiter/junit-jupiter-params/5.11.4/junit-jupiter-params-5.11.4.jar:/Users/isrdsilva/.m2/repository/org/junit/jupiter/junit-jupiter-engine/5.11.4/junit-jupiter-engine-5.11.4.jar:/Users/isrdsilva/.m2/repository/org/junit/platform/junit-platform-engine/1.11.4/junit-platform-engine-1.11.4.jar:/Users/isrdsilva/.m2/repository/org/mockito/mockito-core/5.14.2/mockito-core-5.14.2.jar:/Users/isrdsilva/.m2/repository/net/bytebuddy/byte-buddy-agent/1.15.11/byte-buddy-agent-1.15.11.jar:/Users/isrdsilva/.m2/repository/org/objenesis/objenesis/3.3/objenesis-3.3.jar:/Users/isrdsilva/.m2/repository/org/mockito/mockito-junit-jupiter/5.14.2/mockito-junit-jupiter-5.14.2.jar:/Users/isrdsilva/.m2/repository/org/skyscreamer/jsonassert/1.5.3/jsonassert-1.5.3.jar:/Users/isrdsilva/.m2/repository/com/vaadin/external/google/android-json/0.0.20131108.vaadin1/android-json-0.0.20131108.vaadin1.jar:/Users/isrdsilva/.m2/repository/org/springframework/spring-core/6.2.1/spring-core-6.2.1.jar:/Users/isrdsilva/.m2/repository/org/springframework/spring-jcl/6.2.1/spring-jcl-6.2.1.jar:/Users/isrdsilva/.m2/repository/org/springframework/spring-test/6.2.1/spring-test-6.2.1.jar:/Users/isrdsilva/.m2/repository/org/xmlunit/xmlunit-core/2.10.0/xmlunit-core-2.10.0.jar:/Users/isrdsilva/.m2/repository/org/springframework/amqp/spring-rabbit-test/3.2.1/spring-rabbit-test-3.2.1.jar:/Users/isrdsilva/.m2/repository/org/springframework/amqp/spring-rabbit-junit/3.2.1/spring-rabbit-junit-3.2.1.jar:/Users/isrdsilva/.m2/repository/org/springframework/spring-web/6.2.1/spring-web-6.2.1.jar:/Users/isrdsilva/.m2/repository/org/hamcrest/hamcrest-library/2.2/hamcrest-library-2.2.jar:/Users/isrdsilva/.m2/repository/org/hamcrest/hamcrest-core/2.2/hamcrest-core-2.2.jar:"/>
    <property name="java.vm.vendor" value="Oracle Corporation"/>
    <property name="sun.arch.data.model" value="64"/>
    <property name="java.vendor.url" value="https://java.oracle.com/"/>
    <property name="user.timezone" value="America/Sao_Paulo"/>
    <property name="os.name" value="Mac OS X"/>
    <property name="java.vm.specification.version" value="23"/>
    <property name="sun.java.launcher" value="SUN_STANDARD"/>
    <property name="user.country" value="BR"/>
    <property name="sun.boot.library.path" value="/Users/isrdsilva/Library/Java/JavaVirtualMachines/openjdk-23.0.1/Contents/Home/lib"/>
    <property name="sun.java.command" value="/Users/isrdsilva/Downloads/demo-backend-helpdesk/target/surefire/surefirebooter-20241230190157752_3.jar /Users/isrdsilva/Downloads/demo-backend-helpdesk/target/surefire 2024-12-30T19-01-57_435-jvmRun1 surefire-20241230190157752_1tmp surefire_0-20241230190157752_2tmp"/>
    <property name="jdk.debug" value="release"/>
    <property name="surefire.test.class.path" value="/Users/isrdsilva/Downloads/demo-backend-helpdesk/target/test-classes:/Users/isrdsilva/Downloads/demo-backend-helpdesk/target/classes:/Users/isrdsilva/.m2/repository/org/springframework/boot/spring-boot-starter-amqp/3.4.1/spring-boot-starter-amqp-3.4.1.jar:/Users/isrdsilva/.m2/repository/org/springframework/boot/spring-boot-starter/3.4.1/spring-boot-starter-3.4.1.jar:/Users/isrdsilva/.m2/repository/org/springframework/boot/spring-boot/3.4.1/spring-boot-3.4.1.jar:/Users/isrdsilva/.m2/repository/org/springframework/boot/spring-boot-autoconfigure/3.4.1/spring-boot-autoconfigure-3.4.1.jar:/Users/isrdsilva/.m2/repository/org/springframework/boot/spring-boot-starter-logging/3.4.1/spring-boot-starter-logging-3.4.1.jar:/Users/isrdsilva/.m2/repository/ch/qos/logback/logback-classic/1.5.12/logback-classic-1.5.12.jar:/Users/isrdsilva/.m2/repository/ch/qos/logback/logback-core/1.5.12/logback-core-1.5.12.jar:/Users/isrdsilva/.m2/repository/org/apache/logging/log4j/log4j-to-slf4j/2.24.3/log4j-to-slf4j-2.24.3.jar:/Users/isrdsilva/.m2/repository/org/apache/logging/log4j/log4j-api/2.24.3/log4j-api-2.24.3.jar:/Users/isrdsilva/.m2/repository/org/slf4j/jul-to-slf4j/2.0.16/jul-to-slf4j-2.0.16.jar:/Users/isrdsilva/.m2/repository/jakarta/annotation/jakarta.annotation-api/2.1.1/jakarta.annotation-api-2.1.1.jar:/Users/isrdsilva/.m2/repository/org/yaml/snakeyaml/2.3/snakeyaml-2.3.jar:/Users/isrdsilva/.m2/repository/org/springframework/spring-messaging/6.2.1/spring-messaging-6.2.1.jar:/Users/isrdsilva/.m2/repository/org/springframework/spring-beans/6.2.1/spring-beans-6.2.1.jar:/Users/isrdsilva/.m2/repository/org/springframework/amqp/spring-rabbit/3.2.1/spring-rabbit-3.2.1.jar:/Users/isrdsilva/.m2/repository/org/springframework/amqp/spring-amqp/3.2.1/spring-amqp-3.2.1.jar:/Users/isrdsilva/.m2/repository/org/springframework/retry/spring-retry/2.0.11/spring-retry-2.0.11.jar:/Users/isrdsilva/.m2/repository/com/rabbitmq/amqp-client/5.22.0/amqp-client-5.22.0.jar:/Users/isrdsilva/.m2/repository/org/springframework/spring-context/6.2.1/spring-context-6.2.1.jar:/Users/isrdsilva/.m2/repository/org/springframework/spring-aop/6.2.1/spring-aop-6.2.1.jar:/Users/isrdsilva/.m2/repository/org/springframework/spring-expression/6.2.1/spring-expression-6.2.1.jar:/Users/isrdsilva/.m2/repository/org/springframework/spring-tx/6.2.1/spring-tx-6.2.1.jar:/Users/isrdsilva/.m2/repository/io/micrometer/micrometer-observation/1.14.2/micrometer-observation-1.14.2.jar:/Users/isrdsilva/.m2/repository/io/micrometer/micrometer-commons/1.14.2/micrometer-commons-1.14.2.jar:/Users/isrdsilva/.m2/repository/org/springframework/boot/spring-boot-starter-test/3.4.1/spring-boot-starter-test-3.4.1.jar:/Users/isrdsilva/.m2/repository/org/springframework/boot/spring-boot-test/3.4.1/spring-boot-test-3.4.1.jar:/Users/isrdsilva/.m2/repository/org/springframework/boot/spring-boot-test-autoconfigure/3.4.1/spring-boot-test-autoconfigure-3.4.1.jar:/Users/isrdsilva/.m2/repository/com/jayway/jsonpath/json-path/2.9.0/json-path-2.9.0.jar:/Users/isrdsilva/.m2/repository/org/slf4j/slf4j-api/2.0.16/slf4j-api-2.0.16.jar:/Users/isrdsilva/.m2/repository/jakarta/xml/bind/jakarta.xml.bind-api/4.0.2/jakarta.xml.bind-api-4.0.2.jar:/Users/isrdsilva/.m2/repository/jakarta/activation/jakarta.activation-api/2.1.3/jakarta.activation-api-2.1.3.jar:/Users/isrdsilva/.m2/repository/net/minidev/json-smart/2.5.1/json-smart-2.5.1.jar:/Users/isrdsilva/.m2/repository/net/minidev/accessors-smart/2.5.1/accessors-smart-2.5.1.jar:/Users/isrdsilva/.m2/repository/org/ow2/asm/asm/9.6/asm-9.6.jar:/Users/isrdsilva/.m2/repository/org/assertj/assertj-core/3.26.3/assertj-core-3.26.3.jar:/Users/isrdsilva/.m2/repository/net/bytebuddy/byte-buddy/1.15.11/byte-buddy-1.15.11.jar:/Users/isrdsilva/.m2/repository/org/awaitility/awaitility/4.2.2/awaitility-4.2.2.jar:/Users/isrdsilva/.m2/repository/org/hamcrest/hamcrest/2.2/hamcrest-2.2.jar:/Users/isrdsilva/.m2/repository/org/junit/jupiter/junit-jupiter/5.11.4/junit-jupiter-5.11.4.jar:/Users/isrdsilva/.m2/repository/org/junit/jupiter/junit-jupiter-api/5.11.4/junit-jupiter-api-5.11.4.jar:/Users/isrdsilva/.m2/repository/org/opentest4j/opentest4j/1.3.0/opentest4j-1.3.0.jar:/Users/isrdsilva/.m2/repository/org/junit/platform/junit-platform-commons/1.11.4/junit-platform-commons-1.11.4.jar:/Users/isrdsilva/.m2/repository/org/apiguardian/apiguardian-api/1.1.2/apiguardian-api-1.1.2.jar:/Users/isrdsilva/.m2/repository/org/junit/jupiter/junit-jupiter-params/5.11.4/junit-jupiter-params-5.11.4.jar:/Users/isrdsilva/.m2/repository/org/junit/jupiter/junit-jupiter-engine/5.11.4/junit-jupiter-engine-5.11.4.jar:/Users/isrdsilva/.m2/repository/org/junit/platform/junit-platform-engine/1.11.4/junit-platform-engine-1.11.4.jar:/Users/isrdsilva/.m2/repository/org/mockito/mockito-core/5.14.2/mockito-core-5.14.2.jar:/Users/isrdsilva/.m2/repository/net/bytebuddy/byte-buddy-agent/1.15.11/byte-buddy-agent-1.15.11.jar:/Users/isrdsilva/.m2/repository/org/objenesis/objenesis/3.3/objenesis-3.3.jar:/Users/isrdsilva/.m2/repository/org/mockito/mockito-junit-jupiter/5.14.2/mockito-junit-jupiter-5.14.2.jar:/Users/isrdsilva/.m2/repository/org/skyscreamer/jsonassert/1.5.3/jsonassert-1.5.3.jar:/Users/isrdsilva/.m2/repository/com/vaadin/external/google/android-json/0.0.20131108.vaadin1/android-json-0.0.20131108.vaadin1.jar:/Users/isrdsilva/.m2/repository/org/springframework/spring-core/6.2.1/spring-core-6.2.1.jar:/Users/isrdsilva/.m2/repository/org/springframework/spring-jcl/6.2.1/spring-jcl-6.2.1.jar:/Users/isrdsilva/.m2/repository/org/springframework/spring-test/6.2.1/spring-test-6.2.1.jar:/Users/isrdsilva/.m2/repository/org/xmlunit/xmlunit-core/2.10.0/xmlunit-core-2.10.0.jar:/Users/isrdsilva/.m2/repository/org/springframework/amqp/spring-rabbit-test/3.2.1/spring-rabbit-test-3.2.1.jar:/Users/isrdsilva/.m2/repository/org/springframework/amqp/spring-rabbit-junit/3.2.1/spring-rabbit-junit-3.2.1.jar:/Users/isrdsilva/.m2/repository/org/springframework/spring-web/6.2.1/spring-web-6.2.1.jar:/Users/isrdsilva/.m2/repository/org/hamcrest/hamcrest-library/2.2/hamcrest-library-2.2.jar:/Users/isrdsilva/.m2/repository/org/hamcrest/hamcrest-core/2.2/hamcrest-core-2.2.jar:"/>
    <property name="sun.cpu.endian" value="little"/>
    <property name="user.home" value="/Users/isrdsilva"/>
    <property name="user.language" value="pt"/>
    <property name="java.specification.vendor" value="Oracle Corporation"/>
    <property name="java.version.date" value="2024-10-15"/>
    <property name="java.home" value="/Users/isrdsilva/Library/Java/JavaVirtualMachines/openjdk-23.0.1/Contents/Home"/>
    <property name="file.separator" value="/"/>
    <property name="basedir" value="/Users/isrdsilva/Downloads/demo-backend-helpdesk"/>
    <property name="java.vm.compressedOopsMode" value="Zero based"/>
    <property name="line.separator" value="&#10;"/>
    <property name="java.vm.specification.vendor" value="Oracle Corporation"/>
    <property name="java.specification.name" value="Java Platform API Specification"/>
    <property name="FILE_LOG_CHARSET" value="UTF-8"/>
    <property name="java.awt.headless" value="true"/>
    <property name="apple.awt.application.name" value="ForkedBooter"/>
    <property name="surefire.real.class.path" value="/Users/isrdsilva/Downloads/demo-backend-helpdesk/target/surefire/surefirebooter-20241230190157752_3.jar"/>
    <property name="sun.management.compiler" value="HotSpot 64-Bit Tiered Compilers"/>
    <property name="java.runtime.version" value="23.0.1+11-39"/>
    <property name="user.name" value="isrdsilva"/>
    <property name="stdout.encoding" value="UTF-8"/>
    <property name="path.separator" value=":"/>
    <property name="os.version" value="14.7.1"/>
    <property name="java.runtime.name" value="OpenJDK Runtime Environment"/>
    <property name="file.encoding" value="UTF-8"/>
    <property name="java.vm.name" value="OpenJDK 64-Bit Server VM"/>
    <property name="localRepository" value="/Users/isrdsilva/.m2/repository"/>
    <property name="java.vendor.url.bug" value="https://bugreport.java.com/bugreport/"/>
    <property name="java.io.tmpdir" value="/var/folders/c_/d3y1y4c93b77_q0gtdw8cv1xj9mgr7/T/"/>
    <property name="idea.version" value="2024.3"/>
    <property name="java.version" value="23.0.1"/>
    <property name="user.dir" value="/Users/isrdsilva/Downloads/demo-backend-helpdesk"/>
    <property name="os.arch" value="aarch64"/>
    <property name="java.vm.specification.name" value="Java Virtual Machine Specification"/>
    <property name="PID" value="72813"/>
    <property name="CONSOLE_LOG_CHARSET" value="UTF-8"/>
    <property name="native.encoding" value="UTF-8"/>
    <property name="java.library.path" value="/Users/isrdsilva/Library/Java/Extensions:/Library/Java/Extensions:/Network/Library/Java/Extensions:/System/Library/Java/Extensions:/usr/lib/java:."/>
    <property name="java.vm.info" value="mixed mode, sharing"/>
    <property name="stderr.encoding" value="UTF-8"/>
    <property name="java.vendor" value="Oracle Corporation"/>
    <property name="java.vm.version" value="23.0.1+11-39"/>
    <property name="sun.io.unicode.encoding" value="UnicodeBig"/>
    <property name="java.class.version" value="67.0"/>
  </properties>
  <testcase name="contextLoads" classname="com.helpdesk.demo_backend_helpdesk.DemoBackendHelpdeskApplicationTests" time="0.367">
    <system-out><![CDATA[19:01:58.346 [main] INFO org.springframework.test.context.support.AnnotationConfigContextLoaderUtils -- Could not detect default configuration classes for test class [com.helpdesk.demo_backend_helpdesk.DemoBackendHelpdeskApplicationTests]: DemoBackendHelpdeskApplicationTests does not declare any static, non-private, non-final, nested classes annotated with @Configuration.
19:01:58.388 [main] INFO org.springframework.boot.test.context.SpringBootTestContextBootstrapper -- Found @SpringBootConfiguration com.helpdesk.demo_backend_helpdesk.DemoBackendHelpdeskApplication for test class com.helpdesk.demo_backend_helpdesk.DemoBackendHelpdeskApplicationTests

  .   ____          _            __ _ _
 /\\ / ___'_ __ _ _(_)_ __  __ _ \ \ \ \
( ( )\___ | '_ | '_| | '_ \/ _` | \ \ \ \
 \\/  ___)| |_)| | | | | || (_| |  ) ) ) )
  '  |____| .__|_| |_|_| |_\__, | / / / /
 =========|_|==============|___/=/_/_/_/

 :: Spring Boot ::                (v3.4.1)

2024-12-30T19:01:58.539-03:00  INFO 72813 --- [           main] .h.d.DemoBackendHelpdeskApplicationTests : Starting DemoBackendHelpdeskApplicationTests using Java 23.0.1 with PID 72813 (started by isrdsilva in /Users/isrdsilva/Downloads/demo-backend-helpdesk)
2024-12-30T19:01:58.540-03:00  INFO 72813 --- [           main] .h.d.DemoBackendHelpdeskApplicationTests : No active profile set, falling back to 1 default profile: "default"
2024-12-30T19:01:58.894-03:00  INFO 72813 --- [           main] o.s.a.r.c.CachingConnectionFactory       : Attempting to connect to: [localhost:5672]
2024-12-30T19:01:58.922-03:00  INFO 72813 --- [           main] o.s.a.r.c.CachingConnectionFactory       : Created new connection: rabbitConnectionFactory#11c3ff67:0/SimpleConnection@7dcb42a9 [delegate=amqp://guest@127.0.0.1:5672/, localPort=64862]
2024-12-30T19:01:58.950-03:00  INFO 72813 --- [           main] .h.d.DemoBackendHelpdeskApplicationTests : Started DemoBackendHelpdeskApplicationTests in 0.517 seconds (process running for 0.856)
]]></system-out>
    <system-err><![CDATA[Mockito is currently self-attaching to enable the inline-mock-maker. This will no longer work in future releases of the JDK. Please add Mockito as an agent to your build what is described in Mockito's documentation: https://javadoc.io/doc/org.mockito/mockito-core/latest/org/mockito/Mockito.html#0.3
WARNING: A Java agent has been loaded dynamically (/Users/isrdsilva/.m2/repository/net/bytebuddy/byte-buddy-agent/1.15.11/byte-buddy-agent-1.15.11.jar)
WARNING: If a serviceability tool is in use, please run with -XX:+EnableDynamicAgentLoading to hide this warning
WARNING: If a serviceability tool is not in use, please run with -Djdk.instrument.traceUsage for more information
WARNING: Dynamic loading of agents will be disallowed by default in a future release
]]></system-err>
  </testcase>
</testsuite>